2025-10-22 21:56:51,492 - __main__ - ERROR - DISCORD_TOKEN environment variable not found!
2025-10-22 21:56:51,493 - __main__ - ERROR - Please set your Discord bot token in the DISCORD_TOKEN environment variable
2025-10-22 21:57:40,643 - __main__ - ERROR - DISCORD_TOKEN environment variable not found!
2025-10-22 21:57:40,643 - __main__ - ERROR - Please set your Discord bot token in the DISCORD_TOKEN environment variable
2025-10-22 21:59:26,353 - __main__ - ERROR - DISCORD_TOKEN environment variable not found!
2025-10-22 21:59:26,354 - __main__ - ERROR - Please set your Discord bot token in the DISCORD_TOKEN environment variable
2025-10-22 22:01:15,457 - __main__ - INFO - Starting Pokemon Discord Bot...
2025-10-22 22:01:15,457 - __main__ - INFO - This bot includes:
2025-10-22 22:01:15,458 - __main__ - INFO - - Complete Pokemon database (1000+ Pokemon)
2025-10-22 22:01:15,458 - __main__ - INFO - - Turn-based battle system with status effects
2025-10-22 22:01:15,458 - __main__ - INFO - - Pokemon catching from chat conversations
2025-10-22 22:01:15,458 - __main__ - INFO - - Trading and marketplace system
2025-10-22 22:01:15,458 - __main__ - INFO - - Daily missions and rewards
2025-10-22 22:01:15,458 - __main__ - INFO - - Fishing mini-game
2025-10-22 22:01:15,459 - __main__ - INFO - - Economy system with credits and items
2025-10-22 22:01:15,459 - __main__ - INFO - - And much more!
2025-10-22 22:01:15,462 - discord.client - WARNING - PyNaCl is not installed, voice will NOT be supported
2025-10-22 22:01:15,527 - bot - INFO - Shutting down Pokemon Bot...
2025-10-22 22:01:15,530 - __main__ - ERROR - Bot crashed: name 'logger' is not defined
2025-10-22 22:02:20,741 - discord.client - WARNING - PyNaCl is not installed, voice will NOT be supported
2025-10-22 22:02:20,764 - __main__ - INFO - Shutting down Pokemon Bot...
2025-10-22 22:02:20,767 - __main__ - ERROR - Bot crashed: Extension 'cogs.battle' raised an error: CommandAlreadyRegistered: Command 'moves' already registered.
2025-10-23 10:01:32,686 - __main__ - ERROR - DISCORD_TOKEN environment variable not found!
2025-10-23 10:01:32,687 - __main__ - ERROR - Please set your Discord bot token in the DISCORD_TOKEN environment variable
2025-10-23 10:06:59,640 - __main__ - ERROR - DISCORD_TOKEN environment variable not found!
2025-10-23 10:06:59,642 - __main__ - ERROR - Please set your Discord bot token in the DISCORD_TOKEN environment variable
2025-10-23 10:07:16,326 - __main__ - ERROR - DISCORD_TOKEN environment variable not found!
2025-10-23 10:07:16,327 - __main__ - ERROR - Please set your Discord bot token in the DISCORD_TOKEN environment variable
2025-10-23 10:55:37,576 - __main__ - ERROR - DISCORD_TOKEN environment variable not found!
2025-10-23 10:55:37,576 - __main__ - ERROR - Please set your Discord bot token in the DISCORD_TOKEN environment variable
2025-10-23 11:00:27,489 - __main__ - INFO - Starting Pokemon Discord Bot...
2025-10-23 11:00:27,490 - __main__ - INFO - This bot includes:
2025-10-23 11:00:27,491 - __main__ - INFO - - Complete Pokemon database (1000+ Pokemon)
2025-10-23 11:00:27,491 - __main__ - INFO - - Turn-based battle system with status effects
2025-10-23 11:00:27,491 - __main__ - INFO - - Pokemon catching from chat conversations
2025-10-23 11:00:27,491 - __main__ - INFO - - Trading and marketplace system
2025-10-23 11:00:27,491 - __main__ - INFO - - Daily missions and rewards
2025-10-23 11:00:27,491 - __main__ - INFO - - Fishing mini-game
2025-10-23 11:00:27,492 - __main__ - INFO - - Economy system with credits and items
2025-10-23 11:00:27,492 - __main__ - INFO - - And much more!
2025-10-23 11:00:27,499 - discord.client - WARNING - PyNaCl is not installed, voice will NOT be supported
2025-10-23 11:00:27,540 - bot - INFO - Shutting down Pokemon Bot...
2025-10-23 11:00:27,542 - __main__ - ERROR - Bot crashed: name 'logger' is not defined
2025-10-23 11:04:34,880 - __main__ - INFO - Starting Pokemon Discord Bot...
2025-10-23 11:04:34,881 - __main__ - INFO - This bot includes:
2025-10-23 11:04:34,881 - __main__ - INFO - - Complete Pokemon database (1000+ Pokemon)
2025-10-23 11:04:34,882 - __main__ - INFO - - Turn-based battle system with status effects
2025-10-23 11:04:34,882 - __main__ - INFO - - Pokemon catching from chat conversations
2025-10-23 11:04:34,882 - __main__ - INFO - - Trading and marketplace system
2025-10-23 11:04:34,882 - __main__ - INFO - - Daily missions and rewards
2025-10-23 11:04:34,882 - __main__ - INFO - - Fishing mini-game
2025-10-23 11:04:34,882 - __main__ - INFO - - Economy system with credits and items
2025-10-23 11:04:34,883 - __main__ - INFO - - And much more!
2025-10-23 11:04:34,885 - discord.client - WARNING - PyNaCl is not installed, voice will NOT be supported
2025-10-23 11:04:34,909 - __main__ - ERROR - Error starting bot: Extension 'cogs.battle' raised an error: CommandAlreadyRegistered: Command 'moves' already registered.
2025-10-23 11:04:34,909 - bot - INFO - Shutting down Pokemon Bot...
2025-10-23 11:04:34,911 - __main__ - ERROR - Bot crashed: Extension 'cogs.battle' raised an error: CommandAlreadyRegistered: Command 'moves' already registered.
2025-10-23 11:16:27,158 - __main__ - INFO - Starting Pokemon Discord Bot...
2025-10-23 11:16:27,158 - __main__ - INFO - This bot includes:
2025-10-23 11:16:27,159 - __main__ - INFO - - Complete Pokemon database (1000+ Pokemon)
2025-10-23 11:16:27,159 - __main__ - INFO - - Turn-based battle system with status effects
2025-10-23 11:16:27,159 - __main__ - INFO - - Pokemon catching from chat conversations
2025-10-23 11:16:27,159 - __main__ - INFO - - Trading and marketplace system
2025-10-23 11:16:27,159 - __main__ - INFO - - Daily missions and rewards
2025-10-23 11:16:27,159 - __main__ - INFO - - Fishing mini-game
2025-10-23 11:16:27,160 - __main__ - INFO - - Economy system with credits and items
2025-10-23 11:16:27,160 - __main__ - INFO - - And much more!
2025-10-23 11:16:27,166 - discord.client - WARNING - PyNaCl is not installed, voice will NOT be supported
2025-10-23 11:16:27,167 - discord.client - INFO - logging in using static token
2025-10-23 11:16:29,156 - bot - INFO - Setting up Pokemon Bot...
2025-10-23 11:16:29,760 - database.db_manager - INFO - Database tables created successfully
2025-10-23 11:16:29,761 - bot - INFO - Pokemon Bot setup completed
2025-10-23 11:16:29,777 - bot - INFO - Cleanup task completed
2025-10-23 11:16:31,615 - discord.gateway - INFO - Shard ID None has connected to Gateway (Session ID: d3e58a62f531f5846e0c9221e5f24bdd).
2025-10-23 11:16:33,629 - bot - INFO - officialTRbot#9357 has connected to Discord!
2025-10-23 11:16:33,630 - bot - INFO - Bot is in 1 guilds
2025-10-23 11:16:34,173 - bot - INFO - Synced 0 slash commands
2025-10-23 11:19:24,531 - bot - INFO - Shutting down Pokemon Bot...
2025-10-23 11:19:24,538 - __main__ - INFO - Bot stopped by user
2025-10-23 11:19:54,718 - __main__ - INFO - Starting Pokemon Discord Bot...
2025-10-23 11:19:54,719 - __main__ - INFO - This bot includes:
2025-10-23 11:19:54,719 - __main__ - INFO - - Complete Pokemon database (1000+ Pokemon)
2025-10-23 11:19:54,719 - __main__ - INFO - - Turn-based battle system with status effects
2025-10-23 11:19:54,719 - __main__ - INFO - - Pokemon catching from chat conversations
2025-10-23 11:19:54,719 - __main__ - INFO - - Trading and marketplace system
2025-10-23 11:19:54,720 - __main__ - INFO - - Daily missions and rewards
2025-10-23 11:19:54,720 - __main__ - INFO - - Fishing mini-game
2025-10-23 11:19:54,720 - __main__ - INFO - - Economy system with credits and items
2025-10-23 11:19:54,720 - __main__ - INFO - - And much more!
2025-10-23 11:19:54,722 - discord.client - WARNING - PyNaCl is not installed, voice will NOT be supported
2025-10-23 11:19:54,723 - discord.client - INFO - logging in using static token
2025-10-23 11:19:57,543 - bot - INFO - Setting up Pokemon Bot...
2025-10-23 11:19:57,555 - database.db_manager - INFO - Database tables created successfully
2025-10-23 11:19:57,556 - bot - INFO - Loading Cogs...
2025-10-23 11:19:57,592 - __main__ - ERROR - Error starting bot: Extension 'cogs.battle' raised an error: CommandAlreadyRegistered: Command 'moves' already registered.
2025-10-23 11:19:57,592 - bot - INFO - Shutting down Pokemon Bot...
2025-10-23 11:19:57,597 - __main__ - ERROR - Bot crashed: Extension 'cogs.battle' raised an error: CommandAlreadyRegistered: Command 'moves' already registered.
2025-10-23 11:28:07,461 - __main__ - INFO - Starting Pokemon Discord Bot...
2025-10-23 11:28:07,463 - __main__ - INFO - This bot includes:
2025-10-23 11:28:07,463 - __main__ - INFO - - Complete Pokemon database (1000+ Pokemon)
2025-10-23 11:28:07,463 - __main__ - INFO - - Turn-based battle system with status effects
2025-10-23 11:28:07,463 - __main__ - INFO - - Pokemon catching from chat conversations
2025-10-23 11:28:07,463 - __main__ - INFO - - Trading and marketplace system
2025-10-23 11:28:07,464 - __main__ - INFO - - Daily missions and rewards
2025-10-23 11:28:07,464 - __main__ - INFO - - Fishing mini-game
2025-10-23 11:28:07,464 - __main__ - INFO - - Economy system with credits and items
2025-10-23 11:28:07,464 - __main__ - INFO - - And much more!
2025-10-23 11:28:07,472 - discord.client - WARNING - PyNaCl is not installed, voice will NOT be supported
2025-10-23 11:28:07,472 - discord.client - INFO - logging in using static token
2025-10-23 11:28:10,399 - bot - INFO - Setting up Pokemon Bot...
2025-10-23 11:28:10,428 - database.db_manager - INFO - Database tables created successfully
2025-10-23 11:28:10,429 - bot - INFO - Loading Cogs...
2025-10-23 11:28:10,469 - __main__ - ERROR - Error starting bot: Extension 'cogs.battle' raised an error: CommandAlreadyRegistered: Command 'moves' already registered.
2025-10-23 11:28:10,469 - bot - INFO - Shutting down Pokemon Bot...
2025-10-23 11:28:10,473 - __main__ - ERROR - Bot crashed: Extension 'cogs.battle' raised an error: CommandAlreadyRegistered: Command 'moves' already registered.
2025-10-23 11:57:05,594 - __main__ - INFO - Starting Pokemon Discord Bot...
2025-10-23 11:57:05,596 - __main__ - INFO - This bot includes:
2025-10-23 11:57:05,596 - __main__ - INFO - - Complete Pokemon database (1000+ Pokemon)
2025-10-23 11:57:05,596 - __main__ - INFO - - Turn-based battle system with status effects
2025-10-23 11:57:05,596 - __main__ - INFO - - Pokemon catching from chat conversations
2025-10-23 11:57:05,597 - __main__ - INFO - - Trading and marketplace system
2025-10-23 11:57:05,597 - __main__ - INFO - - Daily missions and rewards
2025-10-23 11:57:05,597 - __main__ - INFO - - Fishing mini-game
2025-10-23 11:57:05,597 - __main__ - INFO - - Economy system with credits and items
2025-10-23 11:57:05,598 - __main__ - INFO - - And much more!
2025-10-23 11:57:05,607 - discord.client - WARNING - PyNaCl is not installed, voice will NOT be supported
2025-10-23 11:57:05,608 - discord.client - INFO - logging in using static token
2025-10-23 11:57:07,614 - bot - INFO - Setting up Pokemon Bot...
2025-10-23 11:57:07,642 - database.db_manager - INFO - Database tables created successfully
2025-10-23 11:57:07,643 - bot - INFO - Loading Cogs...
2025-10-23 11:57:07,682 - __main__ - ERROR - Error starting bot: Extension 'cogs.battle' raised an error: CommandAlreadyRegistered: Command 'moves' already registered.
2025-10-23 11:57:07,683 - bot - INFO - Shutting down Pokemon Bot...
2025-10-23 11:57:07,688 - __main__ - ERROR - Bot crashed: Extension 'cogs.battle' raised an error: CommandAlreadyRegistered: Command 'moves' already registered.
2025-10-23 11:58:11,462 - __main__ - INFO - Starting Pokemon Discord Bot...
2025-10-23 11:58:11,463 - __main__ - INFO - This bot includes:
2025-10-23 11:58:11,463 - __main__ - INFO - - Complete Pokemon database (1000+ Pokemon)
2025-10-23 11:58:11,463 - __main__ - INFO - - Turn-based battle system with status effects
2025-10-23 11:58:11,464 - __main__ - INFO - - Pokemon catching from chat conversations
2025-10-23 11:58:11,464 - __main__ - INFO - - Trading and marketplace system
2025-10-23 11:58:11,464 - __main__ - INFO - - Daily missions and rewards
2025-10-23 11:58:11,465 - __main__ - INFO - - Fishing mini-game
2025-10-23 11:58:11,465 - __main__ - INFO - - Economy system with credits and items
2025-10-23 11:58:11,465 - __main__ - INFO - - And much more!
2025-10-23 11:58:11,469 - discord.client - WARNING - PyNaCl is not installed, voice will NOT be supported
2025-10-23 11:58:11,469 - discord.client - INFO - logging in using static token
2025-10-23 11:58:12,889 - bot - INFO - Setting up Pokemon Bot...
2025-10-23 11:58:12,903 - database.db_manager - INFO - Database tables created successfully
2025-10-23 11:58:12,905 - bot - INFO - Pokemon Bot setup completed
2025-10-23 11:58:12,927 - bot - INFO - Cleanup task completed
2025-10-23 11:58:14,751 - discord.gateway - INFO - Shard ID None has connected to Gateway (Session ID: dc18a63a7e07c03f487e8eda5714b654).
2025-10-23 11:58:16,766 - bot - INFO - officialTRbot#9357 has connected to Discord!
2025-10-23 11:58:16,767 - bot - INFO - Bot is in 1 guilds
2025-10-23 11:58:17,146 - bot - INFO - Synced 0 slash commands
2025-10-23 12:02:11,619 - bot - INFO - Shutting down Pokemon Bot...
2025-10-23 12:02:11,701 - __main__ - INFO - Bot stopped by user
2025-10-23 12:02:16,280 - __main__ - INFO - Starting Pokemon Discord Bot...
2025-10-23 12:02:16,281 - __main__ - INFO - This bot includes:
2025-10-23 12:02:16,281 - __main__ - INFO - - Complete Pokemon database (1000+ Pokemon)
2025-10-23 12:02:16,281 - __main__ - INFO - - Turn-based battle system with status effects
2025-10-23 12:02:16,281 - __main__ - INFO - - Pokemon catching from chat conversations
2025-10-23 12:02:16,281 - __main__ - INFO - - Trading and marketplace system
2025-10-23 12:02:16,282 - __main__ - INFO - - Daily missions and rewards
2025-10-23 12:02:16,282 - __main__ - INFO - - Fishing mini-game
2025-10-23 12:02:16,282 - __main__ - INFO - - Economy system with credits and items
2025-10-23 12:02:16,282 - __main__ - INFO - - And much more!
2025-10-23 12:02:16,291 - discord.client - WARNING - PyNaCl is not installed, voice will NOT be supported
2025-10-23 12:02:16,291 - discord.client - INFO - logging in using static token
2025-10-23 12:02:18,916 - bot - INFO - Setting up Pokemon Bot...
2025-10-23 12:02:18,960 - database.db_manager - INFO - Database tables created successfully
2025-10-23 12:02:18,961 - bot - INFO - Pokemon Bot setup completed
2025-10-23 12:02:18,979 - bot - INFO - Cleanup task completed
2025-10-23 12:02:20,745 - discord.gateway - INFO - Shard ID None has connected to Gateway (Session ID: 498bf63fc12af7a7540397063bb152c2).
2025-10-23 12:02:22,759 - bot - INFO - officialTRbot#9357 has connected to Discord!
2025-10-23 12:02:22,759 - bot - INFO - Bot is in 1 guilds
2025-10-23 12:02:23,110 - bot - INFO - Synced 0 slash commands
2025-10-23 12:04:36,550 - discord.client - ERROR - Ignoring exception in on_message
Traceback (most recent call last):
  File "/data/data/com.termux/files/usr/lib/python3.8/site-packages/discord/client.py", line 441, in _run_event
    await coro(*args, **kwargs)
  File "/data/data/com.termux/files/home/okbot/bot.py", line 117, in on_message
    await self.handle_pokemon_catching(message)
  File "/data/data/com.termux/files/home/okbot/bot.py", line 126, in handle_pokemon_catching
    active_spawns = await self.db.get_active_spawns(str(message.channel.id))
  File "/data/data/com.termux/files/home/okbot/database/db_manager.py", line 202, in get_active_spawns
    return await self.fetch_all("""
  File "/data/data/com.termux/files/home/okbot/database/db_manager.py", line 56, in fetch_all
    async with self.pool.execute(query, params) as cursor:
  File "/data/data/com.termux/files/usr/lib/python3.8/site-packages/aiosqlite/context.py", line 39, in __aenter__
    self._obj = await self._coro
  File "/data/data/com.termux/files/usr/lib/python3.8/site-packages/aiosqlite/core.py", line 190, in execute
    cursor = await self._execute(self._conn.execute, sql, parameters)
  File "/data/data/com.termux/files/usr/lib/python3.8/site-packages/aiosqlite/core.py", line 133, in _execute
    return await future
  File "/data/data/com.termux/files/usr/lib/python3.8/site-packages/aiosqlite/core.py", line 106, in run
    result = function()
sqlite3.OperationalError: near "as": syntax error
2025-10-23 12:05:54,180 - discord.client - ERROR - Ignoring exception in on_message
Traceback (most recent call last):
  File "/data/data/com.termux/files/usr/lib/python3.8/site-packages/discord/client.py", line 441, in _run_event
    await coro(*args, **kwargs)
  File "/data/data/com.termux/files/home/okbot/bot.py", line 117, in on_message
    await self.handle_pokemon_catching(message)
  File "/data/data/com.termux/files/home/okbot/bot.py", line 126, in handle_pokemon_catching
    active_spawns = await self.db.get_active_spawns(str(message.channel.id))
  File "/data/data/com.termux/files/home/okbot/database/db_manager.py", line 202, in get_active_spawns
    return await self.fetch_all("""
  File "/data/data/com.termux/files/home/okbot/database/db_manager.py", line 56, in fetch_all
    async with self.pool.execute(query, params) as cursor:
  File "/data/data/com.termux/files/usr/lib/python3.8/site-packages/aiosqlite/context.py", line 39, in __aenter__
    self._obj = await self._coro
  File "/data/data/com.termux/files/usr/lib/python3.8/site-packages/aiosqlite/core.py", line 190, in execute
    cursor = await self._execute(self._conn.execute, sql, parameters)
  File "/data/data/com.termux/files/usr/lib/python3.8/site-packages/aiosqlite/core.py", line 133, in _execute
    return await future
  File "/data/data/com.termux/files/usr/lib/python3.8/site-packages/aiosqlite/core.py", line 106, in run
    result = function()
sqlite3.OperationalError: near "as": syntax error
2025-10-23 12:11:48,561 - bot - INFO - Shutting down Pokemon Bot...
2025-10-23 12:11:48,623 - __main__ - INFO - Bot stopped by user
2025-10-23 12:11:51,707 - __main__ - INFO - Starting Pokemon Discord Bot...
2025-10-23 12:11:51,707 - __main__ - INFO - This bot includes:
2025-10-23 12:11:51,708 - __main__ - INFO - - Complete Pokemon database (1000+ Pokemon)
2025-10-23 12:11:51,708 - __main__ - INFO - - Turn-based battle system with status effects
2025-10-23 12:11:51,708 - __main__ - INFO - - Pokemon catching from chat conversations
2025-10-23 12:11:51,708 - __main__ - INFO - - Trading and marketplace system
2025-10-23 12:11:51,708 - __main__ - INFO - - Daily missions and rewards
2025-10-23 12:11:51,709 - __main__ - INFO - - Fishing mini-game
2025-10-23 12:11:51,709 - __main__ - INFO - - Economy system with credits and items
2025-10-23 12:11:51,709 - __main__ - INFO - - And much more!
2025-10-23 12:11:51,718 - discord.client - WARNING - PyNaCl is not installed, voice will NOT be supported
2025-10-23 12:11:51,719 - discord.client - INFO - logging in using static token
2025-10-23 12:11:55,759 - bot - INFO - Setting up Pokemon Bot...
2025-10-23 12:11:55,783 - database.db_manager - INFO - Database tables created successfully
2025-10-23 12:11:55,785 - bot - INFO - Pokemon Bot setup completed
2025-10-23 12:11:55,810 - bot - INFO - Cleanup task completed
2025-10-23 12:11:57,576 - discord.gateway - INFO - Shard ID None has connected to Gateway (Session ID: bc272298906b5b1b3ca6d3e72b460600).
2025-10-23 12:11:59,589 - bot - INFO - officialTRbot#9357 has connected to Discord!
2025-10-23 12:11:59,590 - bot - INFO - Bot is in 1 guilds
2025-10-23 12:12:00,130 - bot - INFO - Synced 0 slash commands
2025-10-23 12:13:09,310 - bot - INFO - Shutting down Pokemon Bot...
2025-10-23 12:13:09,316 - __main__ - INFO - Bot stopped by user
2025-10-23 12:13:17,630 - discord.client - WARNING - PyNaCl is not installed, voice will NOT be supported
2025-10-23 12:13:17,656 - __main__ - INFO - Shutting down Pokemon Bot...
2025-10-23 12:13:17,659 - __main__ - ERROR - Bot crashed: Extension 'cogs.battle' raised an error: CommandAlreadyRegistered: Command 'moves' already registered.
2025-10-23 12:14:06,677 - __main__ - INFO - Starting Pokemon Discord Bot...
2025-10-23 12:14:06,678 - __main__ - INFO - This bot includes:
2025-10-23 12:14:06,678 - __main__ - INFO - - Complete Pokemon database (1000+ Pokemon)
2025-10-23 12:14:06,678 - __main__ - INFO - - Turn-based battle system with status effects
2025-10-23 12:14:06,678 - __main__ - INFO - - Pokemon catching from chat conversations
2025-10-23 12:14:06,678 - __main__ - INFO - - Trading and marketplace system
2025-10-23 12:14:06,678 - __main__ - INFO - - Daily missions and rewards
2025-10-23 12:14:06,679 - __main__ - INFO - - Fishing mini-game
2025-10-23 12:14:06,679 - __main__ - INFO - - Economy system with credits and items
2025-10-23 12:14:06,679 - __main__ - INFO - - And much more!
2025-10-23 12:14:06,685 - discord.client - WARNING - PyNaCl is not installed, voice will NOT be supported
2025-10-23 12:14:06,686 - discord.client - INFO - logging in using static token
2025-10-23 12:14:08,373 - bot - INFO - Setting up Pokemon Bot...
2025-10-23 12:14:08,391 - database.db_manager - INFO - Database tables created successfully
2025-10-23 12:14:08,392 - bot - INFO - Pokemon Bot setup completed
2025-10-23 12:14:08,410 - bot - INFO - Cleanup task completed
2025-10-23 12:14:09,980 - discord.gateway - INFO - Shard ID None has connected to Gateway (Session ID: a3be7b9b12daea8dfba91c66ee453d53).
2025-10-23 12:14:11,993 - bot - INFO - officialTRbot#9357 has connected to Discord!
2025-10-23 12:14:11,994 - bot - INFO - Bot is in 1 guilds
2025-10-23 12:14:12,437 - bot - INFO - Synced 0 slash commands
2025-10-23 12:14:25,236 - discord.ext.commands.bot - ERROR - Ignoring exception in command None
discord.ext.commands.errors.CommandNotFound: Command "start" is not found
2025-10-23 12:15:13,204 - discord.ext.commands.bot - ERROR - Ignoring exception in command None
discord.ext.commands.errors.CommandNotFound: Command "admin" is not found
2025-10-23 12:15:37,217 - discord.ext.commands.bot - ERROR - Ignoring exception in command None
discord.ext.commands.errors.CommandNotFound: Command "help" is not found
2025-10-23 12:16:39,487 - bot - INFO - Shutting down Pokemon Bot...
2025-10-23 12:16:39,495 - __main__ - INFO - Bot stopped by user
2025-10-23 12:18:45,213 - __main__ - INFO - Starting Pokemon Discord Bot...
2025-10-23 12:18:45,217 - __main__ - INFO - This bot includes:
2025-10-23 12:18:45,217 - __main__ - INFO - - Complete Pokemon database (1000+ Pokemon)
2025-10-23 12:18:45,217 - __main__ - INFO - - Turn-based battle system with status effects
2025-10-23 12:18:45,218 - __main__ - INFO - - Pokemon catching from chat conversations
2025-10-23 12:18:45,218 - __main__ - INFO - - Trading and marketplace system
2025-10-23 12:18:45,218 - __main__ - INFO - - Daily missions and rewards
2025-10-23 12:18:45,218 - __main__ - INFO - - Fishing mini-game
2025-10-23 12:18:45,218 - __main__ - INFO - - Economy system with credits and items
2025-10-23 12:18:45,218 - __main__ - INFO - - And much more!
2025-10-23 12:18:45,222 - discord.client - WARNING - PyNaCl is not installed, voice will NOT be supported
2025-10-23 12:18:45,222 - discord.client - INFO - logging in using static token
2025-10-23 12:18:47,211 - bot - INFO - Setting up Pokemon Bot...
2025-10-23 12:18:47,232 - database.db_manager - INFO - Database tables created successfully
2025-10-23 12:18:47,235 - bot - INFO - Pokemon Bot setup completed
2025-10-23 12:18:47,256 - bot - INFO - Cleanup task completed
2025-10-23 12:18:48,801 - discord.gateway - INFO - Shard ID None has connected to Gateway (Session ID: 092b301e36ff5a3a1e50cd8253279183).
2025-10-23 12:18:50,815 - bot - INFO - officialTRbot#9357 has connected to Discord!
2025-10-23 12:18:50,816 - bot - INFO - Bot is in 1 guilds
2025-10-23 12:18:51,237 - bot - INFO - Synced 0 slash commands
2025-10-23 12:21:58,436 - bot - INFO - Shutting down Pokemon Bot...
2025-10-23 12:21:58,448 - __main__ - INFO - Bot stopped by user
2025-10-23 12:22:01,500 - __main__ - INFO - Starting Pokemon Discord Bot...
2025-10-23 12:22:01,500 - __main__ - INFO - This bot includes:
2025-10-23 12:22:01,501 - __main__ - INFO - - Complete Pokemon database (1000+ Pokemon)
2025-10-23 12:22:01,501 - __main__ - INFO - - Turn-based battle system with status effects
2025-10-23 12:22:01,501 - __main__ - INFO - - Pokemon catching from chat conversations
2025-10-23 12:22:01,501 - __main__ - INFO - - Trading and marketplace system
2025-10-23 12:22:01,501 - __main__ - INFO - - Daily missions and rewards
2025-10-23 12:22:01,501 - __main__ - INFO - - Fishing mini-game
2025-10-23 12:22:01,502 - __main__ - INFO - - Economy system with credits and items
2025-10-23 12:22:01,502 - __main__ - INFO - - And much more!
2025-10-23 12:22:01,504 - discord.client - WARNING - PyNaCl is not installed, voice will NOT be supported
2025-10-23 12:22:01,505 - discord.client - INFO - logging in using static token
2025-10-23 12:22:03,066 - bot - INFO - Setting up Pokemon Bot...
2025-10-23 12:22:03,078 - database.db_manager - INFO - Database tables created successfully
2025-10-23 12:22:05,012 - discord.gateway - INFO - Shard ID None has connected to Gateway (Session ID: bebc873279b76a1dec04c2e93333d1ea).
2025-10-23 12:22:52,325 - __main__ - INFO - Bot stopped by user
2025-10-23 12:24:25,144 - asyncio - ERROR - Unclosed client session
client_session: <aiohttp.client.ClientSession object at 0x7205776190>
2025-10-23 12:24:35,491 - bot - ERROR - Bot crashed: name 'bot' is not defined
2025-10-23 12:24:35,492 - __main__ - INFO - Starting Pokemon Discord Bot...
2025-10-23 12:24:35,492 - __main__ - INFO - This bot includes:
2025-10-23 12:24:35,492 - __main__ - INFO - - Complete Pokemon database (1000+ Pokemon)
2025-10-23 12:24:35,493 - __main__ - INFO - - Turn-based battle system with status effects
2025-10-23 12:24:35,493 - __main__ - INFO - - Pokemon catching from chat conversations
2025-10-23 12:24:35,493 - __main__ - INFO - - Trading and marketplace system
2025-10-23 12:24:35,493 - __main__ - INFO - - Daily missions and rewards
2025-10-23 12:24:35,493 - __main__ - INFO - - Fishing mini-game
2025-10-23 12:24:35,493 - __main__ - INFO - - Economy system with credits and items
2025-10-23 12:24:35,494 - __main__ - INFO - - And much more!
2025-10-23 12:24:35,496 - discord.client - WARNING - PyNaCl is not installed, voice will NOT be supported
2025-10-23 12:24:35,496 - discord.client - INFO - logging in using static token
2025-10-23 12:24:38,957 - bot - INFO - Setting up Pokemon Bot...
2025-10-23 12:24:38,970 - database.db_manager - INFO - Database tables created successfully
2025-10-23 12:24:38,971 - bot - INFO - Pokemon Bot setup completed
2025-10-23 12:24:38,997 - bot - INFO - Cleanup task completed
2025-10-23 12:24:40,421 - discord.gateway - INFO - Shard ID None has connected to Gateway (Session ID: 79e9c82a4bf6739734852c2284787a63).
2025-10-23 12:24:42,440 - bot - INFO - officialTRbot#9357 has connected to Discord!
2025-10-23 12:24:42,441 - bot - INFO - Bot is in 1 guilds
2025-10-23 12:26:40,233 - bot - INFO - Shutting down Pokemon Bot...
2025-10-23 12:26:40,243 - __main__ - INFO - Bot stopped by user
2025-10-23 12:31:32,337 - __main__ - INFO - Starting Pokemon Discord Bot...
2025-10-23 12:31:32,337 - __main__ - INFO - This bot includes:
2025-10-23 12:31:32,337 - __main__ - INFO - - Complete Pokemon database (1000+ Pokemon)
2025-10-23 12:31:32,338 - __main__ - INFO - - Turn-based battle system with status effects
2025-10-23 12:31:32,338 - __main__ - INFO - - Pokemon catching from chat conversations
2025-10-23 12:31:32,338 - __main__ - INFO - - Trading and marketplace system
2025-10-23 12:31:32,338 - __main__ - INFO - - Daily missions and rewards
2025-10-23 12:31:32,338 - __main__ - INFO - - Fishing mini-game
2025-10-23 12:31:32,339 - __main__ - INFO - - Economy system with credits and items
2025-10-23 12:31:32,339 - __main__ - INFO - - And much more!
2025-10-23 12:31:32,342 - discord.client - WARNING - PyNaCl is not installed, voice will NOT be supported
2025-10-23 12:31:32,342 - discord.client - INFO - logging in using static token
2025-10-23 12:31:35,071 - bot - INFO - Setting up Pokemon Bot...
2025-10-23 12:31:35,092 - database.db_manager - INFO - Database tables created successfully
2025-10-23 12:31:35,094 - bot - INFO - Pokemon Bot setup completed
2025-10-23 12:31:35,111 - bot - INFO - Cleanup task completed
2025-10-23 12:31:37,097 - discord.gateway - INFO - Shard ID None has connected to Gateway (Session ID: 7fc08c7574b5629627f04b75fd2f4508).
2025-10-23 12:31:39,119 - bot - INFO - officialTRbot#9357 has connected to Discord!
2025-10-23 12:31:39,120 - bot - INFO - Bot is in 1 guilds
2025-10-23 12:31:39,681 - bot - INFO - Synced 0 slash commands
2025-10-23 12:33:00,243 - bot - INFO - Shutting down Pokemon Bot...
2025-10-23 12:33:00,247 - __main__ - INFO - Bot stopped by user
2025-10-23 12:33:02,433 - __main__ - INFO - Starting Pokemon Discord Bot...
2025-10-23 12:33:02,433 - __main__ - INFO - This bot includes:
2025-10-23 12:33:02,433 - __main__ - INFO - - Complete Pokemon database (1000+ Pokemon)
2025-10-23 12:33:02,434 - __main__ - INFO - - Turn-based battle system with status effects
2025-10-23 12:33:02,434 - __main__ - INFO - - Pokemon catching from chat conversations
2025-10-23 12:33:02,434 - __main__ - INFO - - Trading and marketplace system
2025-10-23 12:33:02,434 - __main__ - INFO - - Daily missions and rewards
2025-10-23 12:33:02,434 - __main__ - INFO - - Fishing mini-game
2025-10-23 12:33:02,435 - __main__ - INFO - - Economy system with credits and items
2025-10-23 12:33:02,435 - __main__ - INFO - - And much more!
2025-10-23 12:33:02,437 - discord.client - WARNING - PyNaCl is not installed, voice will NOT be supported
2025-10-23 12:33:02,438 - discord.client - INFO - logging in using static token
2025-10-23 12:33:04,820 - bot - INFO - Setting up Pokemon Bot...
2025-10-23 12:33:04,833 - database.db_manager - INFO - Database tables created successfully
2025-10-23 12:33:04,835 - bot - INFO - Pokemon Bot setup completed
2025-10-23 12:33:04,852 - bot - INFO - Cleanup task completed
2025-10-23 12:33:06,053 - discord.gateway - INFO - Shard ID None has connected to Gateway (Session ID: 7a6fd74a665e06d4b6d8c275125c745a).
2025-10-23 12:33:08,064 - bot - INFO - officialTRbot#9357 has connected to Discord!
2025-10-23 12:33:08,065 - bot - INFO - Bot is in 1 guilds
2025-10-23 12:33:08,065 - bot - ERROR - Failed to sync slash commands: name 'bot' is not defined
2025-10-23 12:34:06,991 - bot - INFO - Shutting down Pokemon Bot...
2025-10-23 12:34:07,009 - __main__ - INFO - Bot stopped by user
2025-10-23 12:35:28,927 - __main__ - INFO - Starting Pokemon Discord Bot...
2025-10-23 12:35:28,927 - __main__ - INFO - This bot includes:
2025-10-23 12:35:28,927 - __main__ - INFO - - Complete Pokemon database (1000+ Pokemon)
2025-10-23 12:35:28,928 - __main__ - INFO - - Turn-based battle system with status effects
2025-10-23 12:35:28,928 - __main__ - INFO - - Pokemon catching from chat conversations
2025-10-23 12:35:28,928 - __main__ - INFO - - Trading and marketplace system
2025-10-23 12:35:28,928 - __main__ - INFO - - Daily missions and rewards
2025-10-23 12:35:28,928 - __main__ - INFO - - Fishing mini-game
2025-10-23 12:35:28,929 - __main__ - INFO - - Economy system with credits and items
2025-10-23 12:35:28,929 - __main__ - INFO - - And much more!
2025-10-23 12:35:28,932 - discord.client - WARNING - PyNaCl is not installed, voice will NOT be supported
2025-10-23 12:35:28,932 - discord.client - INFO - logging in using static token
2025-10-23 12:35:30,488 - bot - INFO - Setting up Pokemon Bot...
2025-10-23 12:35:30,509 - database.db_manager - INFO - Database tables created successfully
2025-10-23 12:35:30,510 - bot - INFO - Pokemon Bot setup completed
2025-10-23 12:35:30,533 - bot - INFO - Cleanup task completed
2025-10-23 12:35:32,122 - discord.gateway - INFO - Shard ID None has connected to Gateway (Session ID: 2b3c84fb83fd443e3da39556a228cfae).
2025-10-23 12:35:34,137 - bot - INFO - officialTRbot#9357 has connected to Discord!
2025-10-23 12:35:34,138 - bot - INFO - Bot is in 1 guilds
2025-10-23 12:35:34,138 - bot - ERROR - Failed to sync slash commands: name 'bot' is not defined
2025-10-23 12:36:33,328 - bot - INFO - Shutting down Pokemon Bot...
2025-10-23 12:36:33,335 - __main__ - INFO - Bot stopped by user
2025-10-23 12:42:59,157 - __main__ - INFO - Starting Pokemon Discord Bot...
2025-10-23 12:42:59,158 - __main__ - INFO - This bot includes:
2025-10-23 12:42:59,158 - __main__ - INFO - - Complete Pokemon database (1000+ Pokemon)
2025-10-23 12:42:59,158 - __main__ - INFO - - Turn-based battle system with status effects
2025-10-23 12:42:59,158 - __main__ - INFO - - Pokemon catching from chat conversations
2025-10-23 12:42:59,159 - __main__ - INFO - - Trading and marketplace system
2025-10-23 12:42:59,159 - __main__ - INFO - - Daily missions and rewards
2025-10-23 12:42:59,159 - __main__ - INFO - - Fishing mini-game
2025-10-23 12:42:59,159 - __main__ - INFO - - Economy system with credits and items
2025-10-23 12:42:59,159 - __main__ - INFO - - And much more!
2025-10-23 12:42:59,166 - discord.client - WARNING - PyNaCl is not installed, voice will NOT be supported
2025-10-23 12:42:59,166 - discord.client - INFO - logging in using static token
2025-10-23 12:43:01,424 - bot - INFO - Setting up Pokemon Bot...
2025-10-23 12:43:01,444 - database.db_manager - INFO - Database tables created successfully
2025-10-23 12:43:01,445 - bot - INFO - Loading Cogs...
2025-10-23 12:43:01,518 - __main__ - ERROR - Error starting bot: Extension 'cogs.battle' raised an error: CommandAlreadyRegistered: Command 'moves' already registered.
2025-10-23 12:43:01,518 - bot - INFO - Shutting down Pokemon Bot...
2025-10-23 12:43:01,523 - __main__ - ERROR - Bot crashed: Extension 'cogs.battle' raised an error: CommandAlreadyRegistered: Command 'moves' already registered.
2025-10-23 12:45:08,422 - __main__ - INFO - Starting Pokemon Discord Bot...
2025-10-23 12:45:08,422 - __main__ - INFO - This bot includes:
2025-10-23 12:45:08,422 - __main__ - INFO - - Complete Pokemon database (1000+ Pokemon)
2025-10-23 12:45:08,422 - __main__ - INFO - - Turn-based battle system with status effects
2025-10-23 12:45:08,423 - __main__ - INFO - - Pokemon catching from chat conversations
2025-10-23 12:45:08,423 - __main__ - INFO - - Trading and marketplace system
2025-10-23 12:45:08,423 - __main__ - INFO - - Daily missions and rewards
2025-10-23 12:45:08,423 - __main__ - INFO - - Fishing mini-game
2025-10-23 12:45:08,423 - __main__ - INFO - - Economy system with credits and items
2025-10-23 12:45:08,423 - __main__ - INFO - - And much more!
2025-10-23 12:45:08,426 - discord.client - WARNING - PyNaCl is not installed, voice will NOT be supported
2025-10-23 12:45:08,427 - discord.client - INFO - logging in using static token
2025-10-23 12:45:09,611 - bot - INFO - Setting up Pokemon Bot...
2025-10-23 12:45:09,623 - database.db_manager - INFO - Database tables created successfully
2025-10-23 12:45:09,625 - bot - INFO - Loading Cogs...
2025-10-23 12:45:09,667 - __main__ - ERROR - Error starting bot: Extension 'cogs.battle' raised an error: CommandAlreadyRegistered: Command 'moves' already registered.
2025-10-23 12:45:09,668 - bot - INFO - Shutting down Pokemon Bot...
2025-10-23 12:45:09,674 - __main__ - ERROR - Bot crashed: Extension 'cogs.battle' raised an error: CommandAlreadyRegistered: Command 'moves' already registered.
2025-10-23 12:45:58,813 - __main__ - INFO - Starting Pokemon Discord Bot...
2025-10-23 12:45:58,813 - __main__ - INFO - This bot includes:
2025-10-23 12:45:58,814 - __main__ - INFO - - Complete Pokemon database (1000+ Pokemon)
2025-10-23 12:45:58,814 - __main__ - INFO - - Turn-based battle system with status effects
2025-10-23 12:45:58,814 - __main__ - INFO - - Pokemon catching from chat conversations
2025-10-23 12:45:58,814 - __main__ - INFO - - Trading and marketplace system
2025-10-23 12:45:58,814 - __main__ - INFO - - Daily missions and rewards
2025-10-23 12:45:58,814 - __main__ - INFO - - Fishing mini-game
2025-10-23 12:45:58,815 - __main__ - INFO - - Economy system with credits and items
2025-10-23 12:45:58,815 - __main__ - INFO - - And much more!
2025-10-23 12:45:58,821 - discord.client - WARNING - PyNaCl is not installed, voice will NOT be supported
2025-10-23 12:45:58,822 - discord.client - INFO - logging in using static token
2025-10-23 12:46:00,046 - bot - INFO - Setting up Pokemon Bot...
2025-10-23 12:46:00,055 - database.db_manager - INFO - Database tables created successfully
2025-10-23 12:46:00,063 - bot - INFO - Loading Cogs...
2025-10-23 12:46:00,081 - __main__ - ERROR - Error starting bot: Extension 'cogs.battle' raised an error: CommandAlreadyRegistered: Command 'moves' already registered.
2025-10-23 12:46:00,081 - bot - INFO - Shutting down Pokemon Bot...
2025-10-23 12:46:00,085 - __main__ - ERROR - Bot crashed: Extension 'cogs.battle' raised an error: CommandAlreadyRegistered: Command 'moves' already registered.
2025-10-23 12:47:45,556 - __main__ - INFO - Starting Pokemon Discord Bot...
2025-10-23 12:47:45,556 - __main__ - INFO - This bot includes:
2025-10-23 12:47:45,557 - __main__ - INFO - - Complete Pokemon database (1000+ Pokemon)
2025-10-23 12:47:45,557 - __main__ - INFO - - Turn-based battle system with status effects
2025-10-23 12:47:45,557 - __main__ - INFO - - Pokemon catching from chat conversations
2025-10-23 12:47:45,557 - __main__ - INFO - - Trading and marketplace system
2025-10-23 12:47:45,557 - __main__ - INFO - - Daily missions and rewards
2025-10-23 12:47:45,558 - __main__ - INFO - - Fishing mini-game
2025-10-23 12:47:45,558 - __main__ - INFO - - Economy system with credits and items
2025-10-23 12:47:45,558 - __main__ - INFO - - And much more!
2025-10-23 12:47:45,565 - discord.client - WARNING - PyNaCl is not installed, voice will NOT be supported
2025-10-23 12:47:45,565 - discord.client - INFO - logging in using static token
2025-10-23 12:47:47,878 - bot - INFO - Setting up Pokemon Bot...
2025-10-23 12:47:47,891 - database.db_manager - INFO - Database tables created successfully
2025-10-23 12:47:47,892 - bot - INFO - Loading Cogs...
2025-10-23 12:47:47,914 - __main__ - ERROR - Error starting bot: Extension 'cogs.battle' raised an error: CommandAlreadyRegistered: Command 'moves' already registered.
2025-10-23 12:47:47,915 - bot - INFO - Shutting down Pokemon Bot...
2025-10-23 12:47:47,920 - __main__ - ERROR - Bot crashed: Extension 'cogs.battle' raised an error: CommandAlreadyRegistered: Command 'moves' already registered.
2025-10-23 12:51:56,304 - __main__ - INFO - Starting Pokemon Discord Bot...
2025-10-23 12:51:56,305 - __main__ - INFO - This bot includes:
2025-10-23 12:51:56,305 - __main__ - INFO - - Complete Pokemon database (1000+ Pokemon)
2025-10-23 12:51:56,306 - __main__ - INFO - - Turn-based battle system with status effects
2025-10-23 12:51:56,306 - __main__ - INFO - - Pokemon catching from chat conversations
2025-10-23 12:51:56,306 - __main__ - INFO - - Trading and marketplace system
2025-10-23 12:51:56,306 - __main__ - INFO - - Daily missions and rewards
2025-10-23 12:51:56,306 - __main__ - INFO - - Fishing mini-game
2025-10-23 12:51:56,307 - __main__ - INFO - - Economy system with credits and items
2025-10-23 12:51:56,307 - __main__ - INFO - - And much more!
2025-10-23 12:51:56,314 - discord.client - WARNING - PyNaCl is not installed, voice will NOT be supported
2025-10-23 12:51:56,315 - discord.client - INFO - logging in using static token
2025-10-23 12:52:01,829 - bot - INFO - Setting up Pokemon Bot...
2025-10-23 12:52:01,873 - database.db_manager - INFO - Database tables created successfully
2025-10-23 12:52:01,875 - bot - INFO - Loading Cogs...
2025-10-23 12:52:01,921 - __main__ - ERROR - Error starting bot: Extension 'cogs.battle' raised an error: CommandAlreadyRegistered: Command 'moves' already registered.
2025-10-23 12:52:01,921 - bot - INFO - Shutting down Pokemon Bot...
2025-10-23 12:52:01,926 - __main__ - ERROR - Bot crashed: Extension 'cogs.battle' raised an error: CommandAlreadyRegistered: Command 'moves' already registered.
2025-10-23 12:54:33,137 - __main__ - INFO - Starting Pokemon Discord Bot...
2025-10-23 12:54:33,138 - __main__ - INFO - This bot includes:
2025-10-23 12:54:33,138 - __main__ - INFO - - Complete Pokemon database (1000+ Pokemon)
2025-10-23 12:54:33,138 - __main__ - INFO - - Turn-based battle system with status effects
2025-10-23 12:54:33,138 - __main__ - INFO - - Pokemon catching from chat conversations
2025-10-23 12:54:33,138 - __main__ - INFO - - Trading and marketplace system
2025-10-23 12:54:33,139 - __main__ - INFO - - Daily missions and rewards
2025-10-23 12:54:33,139 - __main__ - INFO - - Fishing mini-game
2025-10-23 12:54:33,139 - __main__ - INFO - - Economy system with credits and items
2025-10-23 12:54:33,139 - __main__ - INFO - - And much more!
2025-10-23 12:54:33,146 - discord.client - WARNING - PyNaCl is not installed, voice will NOT be supported
2025-10-23 12:54:33,147 - discord.client - INFO - logging in using static token
2025-10-23 12:54:35,438 - bot - INFO - Setting up Pokemon Bot...
2025-10-23 12:54:35,453 - database.db_manager - INFO - Database tables created successfully
2025-10-23 12:54:35,455 - bot - INFO - Loading Cogs...
2025-10-23 12:54:35,499 - __main__ - ERROR - Error starting bot: Extension 'cogs.market' raised an error: SyntaxError: invalid syntax (market.py, line 144)
2025-10-23 12:54:35,499 - bot - INFO - Shutting down Pokemon Bot...
2025-10-23 12:54:35,505 - __main__ - ERROR - Bot crashed: Extension 'cogs.market' raised an error: SyntaxError: invalid syntax (market.py, line 144)
2025-10-23 12:56:24,762 - __main__ - INFO - Starting Pokemon Discord Bot...
2025-10-23 12:56:24,765 - __main__ - INFO - This bot includes:
2025-10-23 12:56:24,765 - __main__ - INFO - - Complete Pokemon database (1000+ Pokemon)
2025-10-23 12:56:24,766 - __main__ - INFO - - Turn-based battle system with status effects
2025-10-23 12:56:24,766 - __main__ - INFO - - Pokemon catching from chat conversations
2025-10-23 12:56:24,766 - __main__ - INFO - - Trading and marketplace system
2025-10-23 12:56:24,766 - __main__ - INFO - - Daily missions and rewards
2025-10-23 12:56:24,767 - __main__ - INFO - - Fishing mini-game
2025-10-23 12:56:24,767 - __main__ - INFO - - Economy system with credits and items
2025-10-23 12:56:24,767 - __main__ - INFO - - And much more!
2025-10-23 12:56:24,770 - discord.client - WARNING - PyNaCl is not installed, voice will NOT be supported
2025-10-23 12:56:24,771 - discord.client - INFO - logging in using static token
2025-10-23 12:56:26,473 - bot - INFO - Setting up Pokemon Bot...
2025-10-23 12:56:26,493 - database.db_manager - INFO - Database tables created successfully
2025-10-23 12:56:26,495 - bot - INFO - Loading Cogs...
2025-10-23 12:56:26,533 - __main__ - ERROR - Error starting bot: Extension 'cogs.trading' raised an error: SyntaxError: invalid syntax (trading.py, line 263)
2025-10-23 12:56:26,534 - bot - INFO - Shutting down Pokemon Bot...
2025-10-23 12:56:26,539 - __main__ - ERROR - Bot crashed: Extension 'cogs.trading' raised an error: SyntaxError: invalid syntax (trading.py, line 263)
2025-10-23 12:56:54,223 - __main__ - INFO - Starting Pokemon Discord Bot...
2025-10-23 12:56:54,223 - __main__ - INFO - This bot includes:
2025-10-23 12:56:54,223 - __main__ - INFO - - Complete Pokemon database (1000+ Pokemon)
2025-10-23 12:56:54,223 - __main__ - INFO - - Turn-based battle system with status effects
2025-10-23 12:56:54,224 - __main__ - INFO - - Pokemon catching from chat conversations
2025-10-23 12:56:54,224 - __main__ - INFO - - Trading and marketplace system
2025-10-23 12:56:54,224 - __main__ - INFO - - Daily missions and rewards
2025-10-23 12:56:54,224 - __main__ - INFO - - Fishing mini-game
2025-10-23 12:56:54,224 - __main__ - INFO - - Economy system with credits and items
2025-10-23 12:56:54,224 - __main__ - INFO - - And much more!
2025-10-23 12:56:54,227 - discord.client - WARNING - PyNaCl is not installed, voice will NOT be supported
2025-10-23 12:56:54,228 - discord.client - INFO - logging in using static token
2025-10-23 12:56:56,225 - bot - INFO - Setting up Pokemon Bot...
2025-10-23 12:56:56,237 - database.db_manager - INFO - Database tables created successfully
2025-10-23 12:56:56,238 - bot - INFO - Loading Cogs...
2025-10-23 12:56:56,287 - bot - INFO - All cogs loaded successfully
2025-10-23 12:56:56,288 - bot - INFO - Pokemon Bot setup completed
2025-10-23 12:56:56,302 - bot - INFO - Cleanup task completed
2025-10-23 12:56:58,683 - discord.gateway - INFO - Shard ID None has connected to Gateway (Session ID: 6e05463c83c2f85e247aa06a1a32f6d3).
2025-10-23 12:57:00,697 - bot - INFO - officialTRbot#9357 has connected to Discord!
2025-10-23 12:57:00,698 - bot - INFO - Bot is in 1 guilds
2025-10-23 12:57:00,703 - cogs.general - INFO - General cog loaded
2025-10-23 12:57:00,704 - cogs.pokemon - INFO - Pokemon cog loaded
2025-10-23 12:57:00,704 - cogs.battle - INFO - Battle cog loaded
2025-10-23 12:57:00,705 - cogs.missions - INFO - Missions cog loaded
2025-10-23 12:57:00,705 - cogs.fishing - INFO - Fishing cog loaded
2025-10-23 12:57:00,705 - cogs.tournaments - INFO - Tournaments cog loaded
2025-10-23 12:57:00,706 - cogs.admin - INFO - Admin cog loaded
2025-10-23 12:57:02,126 - bot - INFO - Synced 25 slash commands
2025-10-23 13:01:40,909 - discord.app_commands.tree - ERROR - Ignoring exception in command 'admin'
Traceback (most recent call last):
  File "/data/data/com.termux/files/usr/lib/python3.8/site-packages/discord/app_commands/commands.py", line 827, in _do_call
    return await self._callback(self.binding, interaction, **params)  # type: ignore
  File "/data/data/com.termux/files/home/okbot/cogs/admin.py", line 76, in admin
    await interaction.response.send_message("Please specify a channel!", ephemeral=True)
  File "/data/data/com.termux/files/usr/lib/python3.8/site-packages/discord/interactions.py", line 801, in send_message
    await adapter.create_interaction_response(
  File "/data/data/com.termux/files/usr/lib/python3.8/site-packages/discord/webhook/async_.py", line 219, in request
    raise NotFound(response, data)
discord.errors.NotFound: 404 Not Found (error code: 10062): Unknown interaction

The above exception was the direct cause of the following exception:

Traceback (most recent call last):
  File "/data/data/com.termux/files/usr/lib/python3.8/site-packages/discord/app_commands/tree.py", line 1248, in _call
    await command._invoke_with_namespace(interaction, namespace)
  File "/data/data/com.termux/files/usr/lib/python3.8/site-packages/discord/app_commands/commands.py", line 853, in _invoke_with_namespace
    return await self._do_call(interaction, transformed_values)
  File "/data/data/com.termux/files/usr/lib/python3.8/site-packages/discord/app_commands/commands.py", line 846, in _do_call
    raise CommandInvokeError(self, e) from e
discord.app_commands.errors.CommandInvokeError: Command 'admin' raised an exception: NotFound: 404 Not Found (error code: 10062): Unknown interaction
2025-10-23 13:04:11,490 - discord.client - ERROR - Attempting a reconnect in 1.02s
Traceback (most recent call last):
  File "/data/data/com.termux/files/usr/lib/python3.8/site-packages/discord/client.py", line 659, in connect
    await self.ws.poll_event()
  File "/data/data/com.termux/files/usr/lib/python3.8/site-packages/discord/gateway.py", line 646, in poll_event
    raise ConnectionClosed(self.socket, shard_id=self.shard_id, code=code) from None
discord.errors.ConnectionClosed: Shard ID None WebSocket closed with 1000
2025-10-23 13:04:13,602 - discord.gateway - INFO - Shard ID None has successfully RESUMED session 6e05463c83c2f85e247aa06a1a32f6d3.
2025-10-23 13:06:56,304 - bot - INFO - Cleanup task completed
2025-10-23 13:15:42,258 - bot - INFO - Shutting down Pokemon Bot...
2025-10-23 13:15:42,288 - __main__ - INFO - Bot stopped by user
2025-10-23 13:15:45,763 - __main__ - INFO - Starting Pokemon Discord Bot...
2025-10-23 13:15:45,764 - __main__ - INFO - This bot includes:
2025-10-23 13:15:45,764 - __main__ - INFO - - Complete Pokemon database (1000+ Pokemon)
2025-10-23 13:15:45,764 - __main__ - INFO - - Turn-based battle system with status effects
2025-10-23 13:15:45,765 - __main__ - INFO - - Pokemon catching from chat conversations
2025-10-23 13:15:45,765 - __main__ - INFO - - Trading and marketplace system
2025-10-23 13:15:45,765 - __main__ - INFO - - Daily missions and rewards
2025-10-23 13:15:45,765 - __main__ - INFO - - Fishing mini-game
2025-10-23 13:15:45,765 - __main__ - INFO - - Economy system with credits and items
2025-10-23 13:15:45,765 - __main__ - INFO - - And much more!
2025-10-23 13:15:45,774 - discord.client - WARNING - PyNaCl is not installed, voice will NOT be supported
2025-10-23 13:15:45,775 - discord.client - INFO - logging in using static token
2025-10-23 13:15:47,955 - bot - INFO - Setting up Pokemon Bot...
2025-10-23 13:15:47,984 - database.db_manager - INFO - Database tables created successfully
2025-10-23 13:15:47,985 - bot - INFO - Loading Cogs...
2025-10-23 13:15:48,030 - bot - INFO - All cogs loaded successfully
2025-10-23 13:15:48,031 - bot - INFO - Pokemon Bot setup completed
2025-10-23 13:15:48,046 - bot - INFO - Cleanup task completed
2025-10-23 13:15:50,000 - discord.gateway - INFO - Shard ID None has connected to Gateway (Session ID: c8582f7f5a14a9c86144438d47b4c8c9).
2025-10-23 13:15:52,015 - bot - INFO - officialTRbot#9357 has connected to Discord!
2025-10-23 13:15:52,016 - bot - INFO - Bot is in 1 guilds
2025-10-23 13:15:52,024 - cogs.general - INFO - General cog loaded
2025-10-23 13:15:52,025 - cogs.pokemon - INFO - Pokemon cog loaded
2025-10-23 13:15:52,025 - cogs.battle - INFO - Battle cog loaded
2025-10-23 13:15:52,026 - cogs.missions - INFO - Missions cog loaded
2025-10-23 13:15:52,026 - cogs.fishing - INFO - Fishing cog loaded
2025-10-23 13:15:52,026 - cogs.tournaments - INFO - Tournaments cog loaded
2025-10-23 13:15:52,027 - cogs.admin - INFO - Admin cog loaded
2025-10-23 13:15:53,063 - bot - INFO - Synced 25 slash commands
2025-10-23 13:16:43,247 - discord.ext.commands.bot - ERROR - Ignoring exception in command None
discord.ext.commands.errors.CommandNotFound: Command "admin" is not found
2025-10-23 13:17:11,756 - discord.app_commands.tree - ERROR - Ignoring exception in command 'admin'
Traceback (most recent call last):
  File "/data/data/com.termux/files/usr/lib/python3.8/site-packages/discord/app_commands/commands.py", line 827, in _do_call
    return await self._callback(self.binding, interaction, **params)  # type: ignore
  File "/data/data/com.termux/files/home/okbot/cogs/admin.py", line 76, in admin
    await interaction.response.send_message("Please specify a channel!", ephemeral=True)
  File "/data/data/com.termux/files/usr/lib/python3.8/site-packages/discord/interactions.py", line 801, in send_message
    await adapter.create_interaction_response(
  File "/data/data/com.termux/files/usr/lib/python3.8/site-packages/discord/webhook/async_.py", line 219, in request
    raise NotFound(response, data)
discord.errors.NotFound: 404 Not Found (error code: 10062): Unknown interaction

The above exception was the direct cause of the following exception:

Traceback (most recent call last):
  File "/data/data/com.termux/files/usr/lib/python3.8/site-packages/discord/app_commands/tree.py", line 1248, in _call
    await command._invoke_with_namespace(interaction, namespace)
  File "/data/data/com.termux/files/usr/lib/python3.8/site-packages/discord/app_commands/commands.py", line 853, in _invoke_with_namespace
    return await self._do_call(interaction, transformed_values)
  File "/data/data/com.termux/files/usr/lib/python3.8/site-packages/discord/app_commands/commands.py", line 846, in _do_call
    raise CommandInvokeError(self, e) from e
discord.app_commands.errors.CommandInvokeError: Command 'admin' raised an exception: NotFound: 404 Not Found (error code: 10062): Unknown interaction
2025-10-23 13:18:33,611 - bot - INFO - Shutting down Pokemon Bot...
2025-10-23 13:18:33,639 - __main__ - INFO - Bot stopped by user
2025-10-23 13:18:37,761 - __main__ - INFO - Starting Pokemon Discord Bot...
2025-10-23 13:18:37,761 - __main__ - INFO - This bot includes:
2025-10-23 13:18:37,761 - __main__ - INFO - - Complete Pokemon database (1000+ Pokemon)
2025-10-23 13:18:37,761 - __main__ - INFO - - Turn-based battle system with status effects
2025-10-23 13:18:37,762 - __main__ - INFO - - Pokemon catching from chat conversations
2025-10-23 13:18:37,762 - __main__ - INFO - - Trading and marketplace system
2025-10-23 13:18:37,762 - __main__ - INFO - - Daily missions and rewards
2025-10-23 13:18:37,762 - __main__ - INFO - - Fishing mini-game
2025-10-23 13:18:37,762 - __main__ - INFO - - Economy system with credits and items
2025-10-23 13:18:37,763 - __main__ - INFO - - And much more!
2025-10-23 13:18:37,771 - discord.client - WARNING - PyNaCl is not installed, voice will NOT be supported
2025-10-23 13:18:37,771 - discord.client - INFO - logging in using static token
2025-10-23 13:18:39,591 - bot - INFO - Setting up Pokemon Bot...
2025-10-23 13:18:39,605 - database.db_manager - INFO - Database tables created successfully
2025-10-23 13:18:39,606 - bot - INFO - Loading Cogs...
2025-10-23 13:18:39,647 - bot - INFO - All cogs loaded successfully
2025-10-23 13:18:39,648 - bot - INFO - Pokemon Bot setup completed
2025-10-23 13:18:39,662 - bot - INFO - Cleanup task completed
2025-10-23 13:18:41,004 - discord.gateway - INFO - Shard ID None has connected to Gateway (Session ID: 5a9172039b35e817a8efc1a4f223ea06).
2025-10-23 13:18:43,016 - bot - INFO - officialTRbot#9357 has connected to Discord!
2025-10-23 13:18:43,017 - bot - INFO - Bot is in 1 guilds
2025-10-23 13:18:43,025 - cogs.general - INFO - General cog loaded
2025-10-23 13:18:43,026 - cogs.pokemon - INFO - Pokemon cog loaded
2025-10-23 13:18:43,026 - cogs.battle - INFO - Battle cog loaded
2025-10-23 13:18:43,027 - cogs.missions - INFO - Missions cog loaded
2025-10-23 13:18:43,027 - cogs.fishing - INFO - Fishing cog loaded
2025-10-23 13:18:43,028 - cogs.tournaments - INFO - Tournaments cog loaded
2025-10-23 13:18:43,028 - cogs.admin - INFO - Admin cog loaded
2025-10-23 13:18:43,577 - bot - INFO - Synced 25 slash commands
2025-10-23 13:26:29,344 - discord.client - ERROR - Attempting a reconnect in 1.03s
Traceback (most recent call last):
  File "/data/data/com.termux/files/usr/lib/python3.8/site-packages/discord/client.py", line 659, in connect
    await self.ws.poll_event()
  File "/data/data/com.termux/files/usr/lib/python3.8/site-packages/discord/gateway.py", line 646, in poll_event
    raise ConnectionClosed(self.socket, shard_id=self.shard_id, code=code) from None
discord.errors.ConnectionClosed: Shard ID None WebSocket closed with 1000
2025-10-23 13:26:59,701 - discord.gateway - INFO - Shard ID None has successfully RESUMED session 5a9172039b35e817a8efc1a4f223ea06.
2025-10-23 13:28:39,709 - bot - INFO - Cleanup task completed
2025-10-23 13:38:39,748 - bot - INFO - Cleanup task completed
2025-10-23 13:48:39,736 - bot - INFO - Cleanup task completed
2025-10-23 13:58:39,788 - bot - INFO - Cleanup task completed
2025-10-23 14:01:07,509 - discord.client - ERROR - Attempting a reconnect in 0.49s
Traceback (most recent call last):
  File "/data/data/com.termux/files/usr/lib/python3.8/site-packages/discord/client.py", line 659, in connect
    await self.ws.poll_event()
  File "/data/data/com.termux/files/usr/lib/python3.8/site-packages/discord/gateway.py", line 646, in poll_event
    raise ConnectionClosed(self.socket, shard_id=self.shard_id, code=code) from None
discord.errors.ConnectionClosed: Shard ID None WebSocket closed with 1000
2025-10-23 14:01:10,143 - discord.gateway - INFO - Shard ID None has successfully RESUMED session 5a9172039b35e817a8efc1a4f223ea06.
2025-10-23 14:08:39,910 - bot - INFO - Cleanup task completed
2025-10-23 14:17:55,479 - discord.client - ERROR - Attempting a reconnect in 1.02s
Traceback (most recent call last):
  File "/data/data/com.termux/files/usr/lib/python3.8/site-packages/discord/client.py", line 659, in connect
    await self.ws.poll_event()
  File "/data/data/com.termux/files/usr/lib/python3.8/site-packages/discord/gateway.py", line 646, in poll_event
    raise ConnectionClosed(self.socket, shard_id=self.shard_id, code=code) from None
discord.errors.ConnectionClosed: Shard ID None WebSocket closed with 1000
2025-10-23 14:17:57,941 - discord.gateway - INFO - Shard ID None has successfully RESUMED session 5a9172039b35e817a8efc1a4f223ea06.
2025-10-23 14:18:39,695 - bot - INFO - Cleanup task completed
2025-10-23 14:28:39,740 - bot - INFO - Cleanup task completed
2025-10-23 14:38:39,697 - bot - INFO - Cleanup task completed
2025-10-23 14:48:39,685 - bot - INFO - Cleanup task completed
2025-10-23 14:58:39,844 - bot - INFO - Cleanup task completed
2025-10-23 15:08:39,709 - bot - INFO - Cleanup task completed
2025-10-23 15:12:14,849 - discord.gateway - INFO - Shard ID None has successfully RESUMED session 5a9172039b35e817a8efc1a4f223ea06.
2025-10-23 15:18:39,699 - bot - INFO - Cleanup task completed
2025-10-23 15:25:42,631 - discord.client - ERROR - Attempting a reconnect in 0.85s
Traceback (most recent call last):
  File "/data/data/com.termux/files/usr/lib/python3.8/site-packages/discord/client.py", line 659, in connect
    await self.ws.poll_event()
  File "/data/data/com.termux/files/usr/lib/python3.8/site-packages/discord/gateway.py", line 646, in poll_event
    raise ConnectionClosed(self.socket, shard_id=self.shard_id, code=code) from None
discord.errors.ConnectionClosed: Shard ID None WebSocket closed with 1000
2025-10-23 15:25:45,501 - discord.gateway - INFO - Shard ID None has successfully RESUMED session 5a9172039b35e817a8efc1a4f223ea06.
2025-10-23 15:28:39,702 - bot - INFO - Cleanup task completed
2025-10-23 15:38:39,758 - bot - INFO - Cleanup task completed
2025-10-23 15:42:29,634 - discord.gateway - INFO - Shard ID None has successfully RESUMED session 5a9172039b35e817a8efc1a4f223ea06.
2025-10-23 15:48:39,727 - bot - INFO - Cleanup task completed
2025-10-23 15:53:44,654 - discord.client - ERROR - Attempting a reconnect in 2.86s
Traceback (most recent call last):
  File "/data/data/com.termux/files/usr/lib/python3.8/site-packages/discord/client.py", line 659, in connect
    await self.ws.poll_event()
  File "/data/data/com.termux/files/usr/lib/python3.8/site-packages/discord/gateway.py", line 646, in poll_event
    raise ConnectionClosed(self.socket, shard_id=self.shard_id, code=code) from None
discord.errors.ConnectionClosed: Shard ID None WebSocket closed with 1000
2025-10-23 15:54:09,786 - discord.gateway - INFO - Shard ID None has successfully RESUMED session 5a9172039b35e817a8efc1a4f223ea06.
2025-10-23 15:58:39,879 - bot - INFO - Cleanup task completed
2025-10-23 16:02:25,770 - discord.client - ERROR - Attempting a reconnect in 4.50s
Traceback (most recent call last):
  File "/data/data/com.termux/files/usr/lib/python3.8/site-packages/discord/client.py", line 659, in connect
    await self.ws.poll_event()
  File "/data/data/com.termux/files/usr/lib/python3.8/site-packages/discord/gateway.py", line 646, in poll_event
    raise ConnectionClosed(self.socket, shard_id=self.shard_id, code=code) from None
discord.errors.ConnectionClosed: Shard ID None WebSocket closed with 1000
2025-10-23 16:03:03,451 - discord.gateway - INFO - Shard ID None has successfully RESUMED session 5a9172039b35e817a8efc1a4f223ea06.
2025-10-23 16:08:39,699 - bot - INFO - Cleanup task completed
2025-10-23 16:18:39,896 - bot - INFO - Cleanup task completed
2025-10-23 16:28:39,735 - bot - INFO - Cleanup task completed
2025-10-23 16:36:42,554 - discord.client - ERROR - Attempting a reconnect in 1.22s
Traceback (most recent call last):
  File "/data/data/com.termux/files/usr/lib/python3.8/site-packages/discord/client.py", line 659, in connect
    await self.ws.poll_event()
  File "/data/data/com.termux/files/usr/lib/python3.8/site-packages/discord/gateway.py", line 646, in poll_event
    raise ConnectionClosed(self.socket, shard_id=self.shard_id, code=code) from None
discord.errors.ConnectionClosed: Shard ID None WebSocket closed with 1000
2025-10-23 16:36:43,871 - discord.client - ERROR - Attempting a reconnect in 3.77s
Traceback (most recent call last):
  File "/data/data/com.termux/files/usr/lib/python3.8/site-packages/aiohttp/connector.py", line 1335, in _create_direct_connection
    hosts = await self._resolve_host(host, port, traces=traces)
  File "/data/data/com.termux/files/usr/lib/python3.8/site-packages/aiohttp/connector.py", line 989, in _resolve_host
    return await asyncio.shield(resolved_host_task)
  File "/data/data/com.termux/files/usr/lib/python3.8/site-packages/aiohttp/connector.py", line 1020, in _resolve_host_with_throttle
    addrs = await self._resolver.resolve(host, port, family=self._family)
  File "/data/data/com.termux/files/usr/lib/python3.8/site-packages/aiohttp/resolver.py", line 38, in resolve
    infos = await self._loop.getaddrinfo(
  File "/data/data/com.termux/files/usr/lib/python3.8/asyncio/base_events.py", line 825, in getaddrinfo
    return await self.run_in_executor(
  File "/data/data/com.termux/files/usr/lib/python3.8/concurrent/futures/thread.py", line 57, in run
    result = self.fn(*self.args, **self.kwargs)
  File "/data/data/com.termux/files/usr/lib/python3.8/socket.py", line 930, in getaddrinfo
    for res in _socket.getaddrinfo(host, port, family, type, proto, flags):
socket.gaierror: [Errno 7] No address associated with hostname

The above exception was the direct cause of the following exception:

Traceback (most recent call last):
  File "/data/data/com.termux/files/usr/lib/python3.8/site-packages/discord/client.py", line 656, in connect
    self.ws = await asyncio.wait_for(coro, timeout=60.0)
  File "/data/data/com.termux/files/usr/lib/python3.8/asyncio/tasks.py", line 494, in wait_for
    return fut.result()
  File "/data/data/com.termux/files/usr/lib/python3.8/site-packages/discord/gateway.py", line 372, in from_client
    socket = await client.http.ws_connect(str(url))
  File "/data/data/com.termux/files/usr/lib/python3.8/site-packages/discord/http.py", line 537, in ws_connect
    return await self.__session.ws_connect(url, **kwargs)
  File "/data/data/com.termux/files/usr/lib/python3.8/site-packages/aiohttp/client.py", line 938, in _ws_connect
    resp = await self.request(
  File "/data/data/com.termux/files/usr/lib/python3.8/site-packages/aiohttp/client.py", line 663, in _request
    conn = await self._connector.connect(
  File "/data/data/com.termux/files/usr/lib/python3.8/site-packages/aiohttp/connector.py", line 538, in connect
    proto = await self._create_connection(req, traces, timeout)
  File "/data/data/com.termux/files/usr/lib/python3.8/site-packages/aiohttp/connector.py", line 1050, in _create_connection
    _, proto = await self._create_direct_connection(req, traces, timeout)
  File "/data/data/com.termux/files/usr/lib/python3.8/site-packages/aiohttp/connector.py", line 1341, in _create_direct_connection
    raise ClientConnectorDNSError(req.connection_key, exc) from exc
aiohttp.client_exceptions.ClientConnectorDNSError: Cannot connect to host gateway-us-east1-c.discord.gg:443 ssl:default [No address associated with hostname]
2025-10-23 16:36:47,874 - discord.client - ERROR - Attempting a reconnect in 1.29s
Traceback (most recent call last):
  File "/data/data/com.termux/files/usr/lib/python3.8/site-packages/aiohttp/connector.py", line 1335, in _create_direct_connection
    hosts = await self._resolve_host(host, port, traces=traces)
  File "/data/data/com.termux/files/usr/lib/python3.8/site-packages/aiohttp/connector.py", line 989, in _resolve_host
    return await asyncio.shield(resolved_host_task)
  File "/data/data/com.termux/files/usr/lib/python3.8/site-packages/aiohttp/connector.py", line 1020, in _resolve_host_with_throttle
    addrs = await self._resolver.resolve(host, port, family=self._family)
  File "/data/data/com.termux/files/usr/lib/python3.8/site-packages/aiohttp/resolver.py", line 38, in resolve
    infos = await self._loop.getaddrinfo(
  File "/data/data/com.termux/files/usr/lib/python3.8/asyncio/base_events.py", line 825, in getaddrinfo
    return await self.run_in_executor(
  File "/data/data/com.termux/files/usr/lib/python3.8/concurrent/futures/thread.py", line 57, in run
    result = self.fn(*self.args, **self.kwargs)
  File "/data/data/com.termux/files/usr/lib/python3.8/socket.py", line 930, in getaddrinfo
    for res in _socket.getaddrinfo(host, port, family, type, proto, flags):
socket.gaierror: [Errno 7] No address associated with hostname

The above exception was the direct cause of the following exception:

Traceback (most recent call last):
  File "/data/data/com.termux/files/usr/lib/python3.8/site-packages/discord/client.py", line 656, in connect
    self.ws = await asyncio.wait_for(coro, timeout=60.0)
  File "/data/data/com.termux/files/usr/lib/python3.8/asyncio/tasks.py", line 494, in wait_for
    return fut.result()
  File "/data/data/com.termux/files/usr/lib/python3.8/site-packages/discord/gateway.py", line 372, in from_client
    socket = await client.http.ws_connect(str(url))
  File "/data/data/com.termux/files/usr/lib/python3.8/site-packages/discord/http.py", line 537, in ws_connect
    return await self.__session.ws_connect(url, **kwargs)
  File "/data/data/com.termux/files/usr/lib/python3.8/site-packages/aiohttp/client.py", line 938, in _ws_connect
    resp = await self.request(
  File "/data/data/com.termux/files/usr/lib/python3.8/site-packages/aiohttp/client.py", line 663, in _request
    conn = await self._connector.connect(
  File "/data/data/com.termux/files/usr/lib/python3.8/site-packages/aiohttp/connector.py", line 538, in connect
    proto = await self._create_connection(req, traces, timeout)
  File "/data/data/com.termux/files/usr/lib/python3.8/site-packages/aiohttp/connector.py", line 1050, in _create_connection
    _, proto = await self._create_direct_connection(req, traces, timeout)
  File "/data/data/com.termux/files/usr/lib/python3.8/site-packages/aiohttp/connector.py", line 1341, in _create_direct_connection
    raise ClientConnectorDNSError(req.connection_key, exc) from exc
aiohttp.client_exceptions.ClientConnectorDNSError: Cannot connect to host gateway-us-east1-c.discord.gg:443 ssl:default [No address associated with hostname]
2025-10-23 16:36:49,182 - discord.client - ERROR - Attempting a reconnect in 9.62s
Traceback (most recent call last):
  File "/data/data/com.termux/files/usr/lib/python3.8/site-packages/aiohttp/connector.py", line 1335, in _create_direct_connection
    hosts = await self._resolve_host(host, port, traces=traces)
  File "/data/data/com.termux/files/usr/lib/python3.8/site-packages/aiohttp/connector.py", line 989, in _resolve_host
    return await asyncio.shield(resolved_host_task)
  File "/data/data/com.termux/files/usr/lib/python3.8/site-packages/aiohttp/connector.py", line 1020, in _resolve_host_with_throttle
    addrs = await self._resolver.resolve(host, port, family=self._family)
  File "/data/data/com.termux/files/usr/lib/python3.8/site-packages/aiohttp/resolver.py", line 38, in resolve
    infos = await self._loop.getaddrinfo(
  File "/data/data/com.termux/files/usr/lib/python3.8/asyncio/base_events.py", line 825, in getaddrinfo
    return await self.run_in_executor(
  File "/data/data/com.termux/files/usr/lib/python3.8/concurrent/futures/thread.py", line 57, in run
    result = self.fn(*self.args, **self.kwargs)
  File "/data/data/com.termux/files/usr/lib/python3.8/socket.py", line 930, in getaddrinfo
    for res in _socket.getaddrinfo(host, port, family, type, proto, flags):
socket.gaierror: [Errno 7] No address associated with hostname

The above exception was the direct cause of the following exception:

Traceback (most recent call last):
  File "/data/data/com.termux/files/usr/lib/python3.8/site-packages/discord/client.py", line 656, in connect
    self.ws = await asyncio.wait_for(coro, timeout=60.0)
  File "/data/data/com.termux/files/usr/lib/python3.8/asyncio/tasks.py", line 494, in wait_for
    return fut.result()
  File "/data/data/com.termux/files/usr/lib/python3.8/site-packages/discord/gateway.py", line 372, in from_client
    socket = await client.http.ws_connect(str(url))
  File "/data/data/com.termux/files/usr/lib/python3.8/site-packages/discord/http.py", line 537, in ws_connect
    return await self.__session.ws_connect(url, **kwargs)
  File "/data/data/com.termux/files/usr/lib/python3.8/site-packages/aiohttp/client.py", line 938, in _ws_connect
    resp = await self.request(
  File "/data/data/com.termux/files/usr/lib/python3.8/site-packages/aiohttp/client.py", line 663, in _request
    conn = await self._connector.connect(
  File "/data/data/com.termux/files/usr/lib/python3.8/site-packages/aiohttp/connector.py", line 538, in connect
    proto = await self._create_connection(req, traces, timeout)
  File "/data/data/com.termux/files/usr/lib/python3.8/site-packages/aiohttp/connector.py", line 1050, in _create_connection
    _, proto = await self._create_direct_connection(req, traces, timeout)
  File "/data/data/com.termux/files/usr/lib/python3.8/site-packages/aiohttp/connector.py", line 1341, in _create_direct_connection
    raise ClientConnectorDNSError(req.connection_key, exc) from exc
aiohttp.client_exceptions.ClientConnectorDNSError: Cannot connect to host gateway-us-east1-c.discord.gg:443 ssl:default [No address associated with hostname]
2025-10-23 16:36:58,832 - discord.client - ERROR - Attempting a reconnect in 7.63s
Traceback (most recent call last):
  File "/data/data/com.termux/files/usr/lib/python3.8/site-packages/aiohttp/connector.py", line 1335, in _create_direct_connection
    hosts = await self._resolve_host(host, port, traces=traces)
  File "/data/data/com.termux/files/usr/lib/python3.8/site-packages/aiohttp/connector.py", line 989, in _resolve_host
    return await asyncio.shield(resolved_host_task)
  File "/data/data/com.termux/files/usr/lib/python3.8/site-packages/aiohttp/connector.py", line 1020, in _resolve_host_with_throttle
    addrs = await self._resolver.resolve(host, port, family=self._family)
  File "/data/data/com.termux/files/usr/lib/python3.8/site-packages/aiohttp/resolver.py", line 38, in resolve
    infos = await self._loop.getaddrinfo(
  File "/data/data/com.termux/files/usr/lib/python3.8/asyncio/base_events.py", line 825, in getaddrinfo
    return await self.run_in_executor(
  File "/data/data/com.termux/files/usr/lib/python3.8/concurrent/futures/thread.py", line 57, in run
    result = self.fn(*self.args, **self.kwargs)
  File "/data/data/com.termux/files/usr/lib/python3.8/socket.py", line 930, in getaddrinfo
    for res in _socket.getaddrinfo(host, port, family, type, proto, flags):
socket.gaierror: [Errno 7] No address associated with hostname

The above exception was the direct cause of the following exception:

Traceback (most recent call last):
  File "/data/data/com.termux/files/usr/lib/python3.8/site-packages/discord/client.py", line 656, in connect
    self.ws = await asyncio.wait_for(coro, timeout=60.0)
  File "/data/data/com.termux/files/usr/lib/python3.8/asyncio/tasks.py", line 494, in wait_for
    return fut.result()
  File "/data/data/com.termux/files/usr/lib/python3.8/site-packages/discord/gateway.py", line 372, in from_client
    socket = await client.http.ws_connect(str(url))
  File "/data/data/com.termux/files/usr/lib/python3.8/site-packages/discord/http.py", line 537, in ws_connect
    return await self.__session.ws_connect(url, **kwargs)
  File "/data/data/com.termux/files/usr/lib/python3.8/site-packages/aiohttp/client.py", line 938, in _ws_connect
    resp = await self.request(
  File "/data/data/com.termux/files/usr/lib/python3.8/site-packages/aiohttp/client.py", line 663, in _request
    conn = await self._connector.connect(
  File "/data/data/com.termux/files/usr/lib/python3.8/site-packages/aiohttp/connector.py", line 538, in connect
    proto = await self._create_connection(req, traces, timeout)
  File "/data/data/com.termux/files/usr/lib/python3.8/site-packages/aiohttp/connector.py", line 1050, in _create_connection
    _, proto = await self._create_direct_connection(req, traces, timeout)
  File "/data/data/com.termux/files/usr/lib/python3.8/site-packages/aiohttp/connector.py", line 1341, in _create_direct_connection
    raise ClientConnectorDNSError(req.connection_key, exc) from exc
aiohttp.client_exceptions.ClientConnectorDNSError: Cannot connect to host gateway-us-east1-c.discord.gg:443 ssl:default [No address associated with hostname]
2025-10-23 16:37:06,490 - discord.client - ERROR - Attempting a reconnect in 7.99s
Traceback (most recent call last):
  File "/data/data/com.termux/files/usr/lib/python3.8/site-packages/aiohttp/connector.py", line 1335, in _create_direct_connection
    hosts = await self._resolve_host(host, port, traces=traces)
  File "/data/data/com.termux/files/usr/lib/python3.8/site-packages/aiohttp/connector.py", line 989, in _resolve_host
    return await asyncio.shield(resolved_host_task)
  File "/data/data/com.termux/files/usr/lib/python3.8/site-packages/aiohttp/connector.py", line 1020, in _resolve_host_with_throttle
    addrs = await self._resolver.resolve(host, port, family=self._family)
  File "/data/data/com.termux/files/usr/lib/python3.8/site-packages/aiohttp/resolver.py", line 38, in resolve
    infos = await self._loop.getaddrinfo(
  File "/data/data/com.termux/files/usr/lib/python3.8/asyncio/base_events.py", line 825, in getaddrinfo
    return await self.run_in_executor(
  File "/data/data/com.termux/files/usr/lib/python3.8/concurrent/futures/thread.py", line 57, in run
    result = self.fn(*self.args, **self.kwargs)
  File "/data/data/com.termux/files/usr/lib/python3.8/socket.py", line 930, in getaddrinfo
    for res in _socket.getaddrinfo(host, port, family, type, proto, flags):
socket.gaierror: [Errno 7] No address associated with hostname

The above exception was the direct cause of the following exception:

Traceback (most recent call last):
  File "/data/data/com.termux/files/usr/lib/python3.8/site-packages/discord/client.py", line 656, in connect
    self.ws = await asyncio.wait_for(coro, timeout=60.0)
  File "/data/data/com.termux/files/usr/lib/python3.8/asyncio/tasks.py", line 494, in wait_for
    return fut.result()
  File "/data/data/com.termux/files/usr/lib/python3.8/site-packages/discord/gateway.py", line 372, in from_client
    socket = await client.http.ws_connect(str(url))
  File "/data/data/com.termux/files/usr/lib/python3.8/site-packages/discord/http.py", line 537, in ws_connect
    return await self.__session.ws_connect(url, **kwargs)
  File "/data/data/com.termux/files/usr/lib/python3.8/site-packages/aiohttp/client.py", line 938, in _ws_connect
    resp = await self.request(
  File "/data/data/com.termux/files/usr/lib/python3.8/site-packages/aiohttp/client.py", line 663, in _request
    conn = await self._connector.connect(
  File "/data/data/com.termux/files/usr/lib/python3.8/site-packages/aiohttp/connector.py", line 538, in connect
    proto = await self._create_connection(req, traces, timeout)
  File "/data/data/com.termux/files/usr/lib/python3.8/site-packages/aiohttp/connector.py", line 1050, in _create_connection
    _, proto = await self._create_direct_connection(req, traces, timeout)
  File "/data/data/com.termux/files/usr/lib/python3.8/site-packages/aiohttp/connector.py", line 1341, in _create_direct_connection
    raise ClientConnectorDNSError(req.connection_key, exc) from exc
aiohttp.client_exceptions.ClientConnectorDNSError: Cannot connect to host gateway-us-east1-c.discord.gg:443 ssl:default [No address associated with hostname]
2025-10-23 16:37:14,505 - discord.client - ERROR - Attempting a reconnect in 78.04s
Traceback (most recent call last):
  File "/data/data/com.termux/files/usr/lib/python3.8/site-packages/aiohttp/connector.py", line 1335, in _create_direct_connection
    hosts = await self._resolve_host(host, port, traces=traces)
  File "/data/data/com.termux/files/usr/lib/python3.8/site-packages/aiohttp/connector.py", line 989, in _resolve_host
    return await asyncio.shield(resolved_host_task)
  File "/data/data/com.termux/files/usr/lib/python3.8/site-packages/aiohttp/connector.py", line 1020, in _resolve_host_with_throttle
    addrs = await self._resolver.resolve(host, port, family=self._family)
  File "/data/data/com.termux/files/usr/lib/python3.8/site-packages/aiohttp/resolver.py", line 38, in resolve
    infos = await self._loop.getaddrinfo(
  File "/data/data/com.termux/files/usr/lib/python3.8/asyncio/base_events.py", line 825, in getaddrinfo
    return await self.run_in_executor(
  File "/data/data/com.termux/files/usr/lib/python3.8/concurrent/futures/thread.py", line 57, in run
    result = self.fn(*self.args, **self.kwargs)
  File "/data/data/com.termux/files/usr/lib/python3.8/socket.py", line 930, in getaddrinfo
    for res in _socket.getaddrinfo(host, port, family, type, proto, flags):
socket.gaierror: [Errno 7] No address associated with hostname

The above exception was the direct cause of the following exception:

Traceback (most recent call last):
  File "/data/data/com.termux/files/usr/lib/python3.8/site-packages/discord/client.py", line 656, in connect
    self.ws = await asyncio.wait_for(coro, timeout=60.0)
  File "/data/data/com.termux/files/usr/lib/python3.8/asyncio/tasks.py", line 494, in wait_for
    return fut.result()
  File "/data/data/com.termux/files/usr/lib/python3.8/site-packages/discord/gateway.py", line 372, in from_client
    socket = await client.http.ws_connect(str(url))
  File "/data/data/com.termux/files/usr/lib/python3.8/site-packages/discord/http.py", line 537, in ws_connect
    return await self.__session.ws_connect(url, **kwargs)
  File "/data/data/com.termux/files/usr/lib/python3.8/site-packages/aiohttp/client.py", line 938, in _ws_connect
    resp = await self.request(
  File "/data/data/com.termux/files/usr/lib/python3.8/site-packages/aiohttp/client.py", line 663, in _request
    conn = await self._connector.connect(
  File "/data/data/com.termux/files/usr/lib/python3.8/site-packages/aiohttp/connector.py", line 538, in connect
    proto = await self._create_connection(req, traces, timeout)
  File "/data/data/com.termux/files/usr/lib/python3.8/site-packages/aiohttp/connector.py", line 1050, in _create_connection
    _, proto = await self._create_direct_connection(req, traces, timeout)
  File "/data/data/com.termux/files/usr/lib/python3.8/site-packages/aiohttp/connector.py", line 1341, in _create_direct_connection
    raise ClientConnectorDNSError(req.connection_key, exc) from exc
aiohttp.client_exceptions.ClientConnectorDNSError: Cannot connect to host gateway-us-east1-c.discord.gg:443 ssl:default [No address associated with hostname]
2025-10-23 16:59:48,445 - discord.client - ERROR - Attempting a reconnect in 242.34s
Traceback (most recent call last):
  File "/data/data/com.termux/files/usr/lib/python3.8/site-packages/aiohttp/connector.py", line 1335, in _create_direct_connection
    hosts = await self._resolve_host(host, port, traces=traces)
  File "/data/data/com.termux/files/usr/lib/python3.8/site-packages/aiohttp/connector.py", line 989, in _resolve_host
    return await asyncio.shield(resolved_host_task)
  File "/data/data/com.termux/files/usr/lib/python3.8/site-packages/aiohttp/connector.py", line 1020, in _resolve_host_with_throttle
    addrs = await self._resolver.resolve(host, port, family=self._family)
  File "/data/data/com.termux/files/usr/lib/python3.8/site-packages/aiohttp/resolver.py", line 38, in resolve
    infos = await self._loop.getaddrinfo(
  File "/data/data/com.termux/files/usr/lib/python3.8/asyncio/base_events.py", line 825, in getaddrinfo
    return await self.run_in_executor(
  File "/data/data/com.termux/files/usr/lib/python3.8/concurrent/futures/thread.py", line 57, in run
    result = self.fn(*self.args, **self.kwargs)
  File "/data/data/com.termux/files/usr/lib/python3.8/socket.py", line 930, in getaddrinfo
    for res in _socket.getaddrinfo(host, port, family, type, proto, flags):
socket.gaierror: [Errno 7] No address associated with hostname

The above exception was the direct cause of the following exception:

Traceback (most recent call last):
  File "/data/data/com.termux/files/usr/lib/python3.8/site-packages/discord/client.py", line 656, in connect
    self.ws = await asyncio.wait_for(coro, timeout=60.0)
  File "/data/data/com.termux/files/usr/lib/python3.8/asyncio/tasks.py", line 494, in wait_for
    return fut.result()
  File "/data/data/com.termux/files/usr/lib/python3.8/site-packages/discord/gateway.py", line 372, in from_client
    socket = await client.http.ws_connect(str(url))
  File "/data/data/com.termux/files/usr/lib/python3.8/site-packages/discord/http.py", line 537, in ws_connect
    return await self.__session.ws_connect(url, **kwargs)
  File "/data/data/com.termux/files/usr/lib/python3.8/site-packages/aiohttp/client.py", line 938, in _ws_connect
    resp = await self.request(
  File "/data/data/com.termux/files/usr/lib/python3.8/site-packages/aiohttp/client.py", line 663, in _request
    conn = await self._connector.connect(
  File "/data/data/com.termux/files/usr/lib/python3.8/site-packages/aiohttp/connector.py", line 538, in connect
    proto = await self._create_connection(req, traces, timeout)
  File "/data/data/com.termux/files/usr/lib/python3.8/site-packages/aiohttp/connector.py", line 1050, in _create_connection
    _, proto = await self._create_direct_connection(req, traces, timeout)
  File "/data/data/com.termux/files/usr/lib/python3.8/site-packages/aiohttp/connector.py", line 1341, in _create_direct_connection
    raise ClientConnectorDNSError(req.connection_key, exc) from exc
aiohttp.client_exceptions.ClientConnectorDNSError: Cannot connect to host gateway-us-east1-c.discord.gg:443 ssl:default [No address associated with hostname]
2025-10-23 16:59:55,575 - bot - INFO - Cleanup task completed
2025-10-23 16:59:55,579 - bot - INFO - Cleanup task completed
2025-10-23 16:59:55,583 - bot - INFO - Cleanup task completed
2025-10-23 17:07:05,420 - bot - INFO - Shutting down Pokemon Bot...
2025-10-23 17:07:05,561 - __main__ - INFO - Bot stopped by user
